2023-06-27 11:29:53,725 [Worker-5: Loading available Gradle versions] INFO  o.e.b.c.i.u.g.PublishedGradleVersions - Gradle version information cache is up-to-date. Trying to read.
2023-06-27 11:43:06,772 [Worker-13: Launching mavenrun-db8a7949-a100-4012-afce-147b814e4137] INFO  o.eclipse.m2e.core.internal.Bundles - getClasspathEntries(Bundle=org.eclipse.m2e.maven.runtime_3.8.604.20221130-2149 [269])
2023-06-27 11:43:08,756 [Worker-13: Launching mavenrun-db8a7949-a100-4012-afce-147b814e4137] INFO  o.eclipse.m2e.core.internal.Bundles - 	Entry: C:\Users\User\.p2\pool\plugins\org.eclipse.m2e.maven.runtime_3.8.604.20221130-2149
2023-06-27 11:43:08,759 [Worker-13: Launching mavenrun-db8a7949-a100-4012-afce-147b814e4137] INFO  o.eclipse.m2e.core.internal.Bundles - 	Entry: C:\Users\User\.p2\pool\plugins\org.eclipse.m2e.maven.runtime_3.8.604.20221130-2149\jars\aether-connector-okhttp-0.17.8.jar
2023-06-27 11:43:08,763 [Worker-13: Launching mavenrun-db8a7949-a100-4012-afce-147b814e4137] INFO  o.eclipse.m2e.core.internal.Bundles - 	Entry: C:\Users\User\.p2\pool\plugins\org.eclipse.m2e.maven.runtime_3.8.604.20221130-2149\jars\commons-cli-1.4.jar
2023-06-27 11:43:08,764 [Worker-13: Launching mavenrun-db8a7949-a100-4012-afce-147b814e4137] INFO  o.eclipse.m2e.core.internal.Bundles - 	Entry: C:\Users\User\.p2\pool\plugins\org.eclipse.m2e.maven.runtime_3.8.604.20221130-2149\jars\commons-io-2.6.jar
2023-06-27 11:43:08,765 [Worker-13: Launching mavenrun-db8a7949-a100-4012-afce-147b814e4137] INFO  o.eclipse.m2e.core.internal.Bundles - 	Entry: C:\Users\User\.p2\pool\plugins\org.eclipse.m2e.maven.runtime_3.8.604.20221130-2149\jars\commons-lang3-3.8.1.jar
2023-06-27 11:43:08,766 [Worker-13: Launching mavenrun-db8a7949-a100-4012-afce-147b814e4137] INFO  o.eclipse.m2e.core.internal.Bundles - 	Entry: C:\Users\User\.p2\pool\plugins\org.eclipse.m2e.maven.runtime_3.8.604.20221130-2149\jars\guice-4.2.2-no_aop.jar
2023-06-27 11:43:08,767 [Worker-13: Launching mavenrun-db8a7949-a100-4012-afce-147b814e4137] INFO  o.eclipse.m2e.core.internal.Bundles - 	Entry: C:\Users\User\.p2\pool\plugins\org.eclipse.m2e.maven.runtime_3.8.604.20221130-2149\jars\jansi-2.4.0.jar
2023-06-27 11:43:08,771 [Worker-13: Launching mavenrun-db8a7949-a100-4012-afce-147b814e4137] INFO  o.eclipse.m2e.core.internal.Bundles - 	Entry: C:\Users\User\.p2\pool\plugins\org.eclipse.m2e.maven.runtime_3.8.604.20221130-2149\jars\maven-artifact-3.8.6.jar
2023-06-27 11:43:08,774 [Worker-13: Launching mavenrun-db8a7949-a100-4012-afce-147b814e4137] INFO  o.eclipse.m2e.core.internal.Bundles - 	Entry: C:\Users\User\.p2\pool\plugins\org.eclipse.m2e.maven.runtime_3.8.604.20221130-2149\jars\maven-builder-support-3.8.6.jar
2023-06-27 11:43:08,775 [Worker-13: Launching mavenrun-db8a7949-a100-4012-afce-147b814e4137] INFO  o.eclipse.m2e.core.internal.Bundles - 	Entry: C:\Users\User\.p2\pool\plugins\org.eclipse.m2e.maven.runtime_3.8.604.20221130-2149\jars\maven-compat-3.8.6.jar
2023-06-27 11:43:08,776 [Worker-13: Launching mavenrun-db8a7949-a100-4012-afce-147b814e4137] INFO  o.eclipse.m2e.core.internal.Bundles - 	Entry: C:\Users\User\.p2\pool\plugins\org.eclipse.m2e.maven.runtime_3.8.604.20221130-2149\jars\maven-core-3.8.6.jar
2023-06-27 11:43:08,779 [Worker-13: Launching mavenrun-db8a7949-a100-4012-afce-147b814e4137] INFO  o.eclipse.m2e.core.internal.Bundles - 	Entry: C:\Users\User\.p2\pool\plugins\org.eclipse.m2e.maven.runtime_3.8.604.20221130-2149\jars\maven-embedder-3.8.6.jar
2023-06-27 11:43:08,780 [Worker-13: Launching mavenrun-db8a7949-a100-4012-afce-147b814e4137] INFO  o.eclipse.m2e.core.internal.Bundles - 	Entry: C:\Users\User\.p2\pool\plugins\org.eclipse.m2e.maven.runtime_3.8.604.20221130-2149\jars\maven-model-3.8.6.jar
2023-06-27 11:43:08,783 [Worker-13: Launching mavenrun-db8a7949-a100-4012-afce-147b814e4137] INFO  o.eclipse.m2e.core.internal.Bundles - 	Entry: C:\Users\User\.p2\pool\plugins\org.eclipse.m2e.maven.runtime_3.8.604.20221130-2149\jars\maven-model-builder-3.8.6.jar
2023-06-27 11:43:08,785 [Worker-13: Launching mavenrun-db8a7949-a100-4012-afce-147b814e4137] INFO  o.eclipse.m2e.core.internal.Bundles - 	Entry: C:\Users\User\.p2\pool\plugins\org.eclipse.m2e.maven.runtime_3.8.604.20221130-2149\jars\maven-plugin-api-3.8.6.jar
2023-06-27 11:43:08,786 [Worker-13: Launching mavenrun-db8a7949-a100-4012-afce-147b814e4137] INFO  o.eclipse.m2e.core.internal.Bundles - 	Entry: C:\Users\User\.p2\pool\plugins\org.eclipse.m2e.maven.runtime_3.8.604.20221130-2149\jars\maven-repository-metadata-3.8.6.jar
2023-06-27 11:43:08,789 [Worker-13: Launching mavenrun-db8a7949-a100-4012-afce-147b814e4137] INFO  o.eclipse.m2e.core.internal.Bundles - 	Entry: C:\Users\User\.p2\pool\plugins\org.eclipse.m2e.maven.runtime_3.8.604.20221130-2149\jars\maven-resolver-api-1.6.3.jar
2023-06-27 11:43:08,792 [Worker-13: Launching mavenrun-db8a7949-a100-4012-afce-147b814e4137] INFO  o.eclipse.m2e.core.internal.Bundles - 	Entry: C:\Users\User\.p2\pool\plugins\org.eclipse.m2e.maven.runtime_3.8.604.20221130-2149\jars\maven-resolver-connector-basic-1.6.3.jar
2023-06-27 11:43:08,795 [Worker-13: Launching mavenrun-db8a7949-a100-4012-afce-147b814e4137] INFO  o.eclipse.m2e.core.internal.Bundles - 	Entry: C:\Users\User\.p2\pool\plugins\org.eclipse.m2e.maven.runtime_3.8.604.20221130-2149\jars\maven-resolver-impl-1.6.3.jar
2023-06-27 11:43:08,796 [Worker-13: Launching mavenrun-db8a7949-a100-4012-afce-147b814e4137] INFO  o.eclipse.m2e.core.internal.Bundles - 	Entry: C:\Users\User\.p2\pool\plugins\org.eclipse.m2e.maven.runtime_3.8.604.20221130-2149\jars\maven-resolver-provider-3.8.6.jar
2023-06-27 11:43:08,796 [Worker-13: Launching mavenrun-db8a7949-a100-4012-afce-147b814e4137] INFO  o.eclipse.m2e.core.internal.Bundles - 	Entry: C:\Users\User\.p2\pool\plugins\org.eclipse.m2e.maven.runtime_3.8.604.20221130-2149\jars\maven-resolver-spi-1.6.3.jar
2023-06-27 11:43:08,797 [Worker-13: Launching mavenrun-db8a7949-a100-4012-afce-147b814e4137] INFO  o.eclipse.m2e.core.internal.Bundles - 	Entry: C:\Users\User\.p2\pool\plugins\org.eclipse.m2e.maven.runtime_3.8.604.20221130-2149\jars\maven-resolver-transport-wagon-1.6.3.jar
2023-06-27 11:43:08,797 [Worker-13: Launching mavenrun-db8a7949-a100-4012-afce-147b814e4137] INFO  o.eclipse.m2e.core.internal.Bundles - 	Entry: C:\Users\User\.p2\pool\plugins\org.eclipse.m2e.maven.runtime_3.8.604.20221130-2149\jars\maven-resolver-util-1.6.3.jar
2023-06-27 11:43:08,798 [Worker-13: Launching mavenrun-db8a7949-a100-4012-afce-147b814e4137] INFO  o.eclipse.m2e.core.internal.Bundles - 	Entry: C:\Users\User\.p2\pool\plugins\org.eclipse.m2e.maven.runtime_3.8.604.20221130-2149\jars\maven-settings-3.8.6.jar
2023-06-27 11:43:08,799 [Worker-13: Launching mavenrun-db8a7949-a100-4012-afce-147b814e4137] INFO  o.eclipse.m2e.core.internal.Bundles - 	Entry: C:\Users\User\.p2\pool\plugins\org.eclipse.m2e.maven.runtime_3.8.604.20221130-2149\jars\maven-settings-builder-3.8.6.jar
2023-06-27 11:43:08,800 [Worker-13: Launching mavenrun-db8a7949-a100-4012-afce-147b814e4137] INFO  o.eclipse.m2e.core.internal.Bundles - 	Entry: C:\Users\User\.p2\pool\plugins\org.eclipse.m2e.maven.runtime_3.8.604.20221130-2149\jars\maven-shared-utils-3.3.4.jar
2023-06-27 11:43:08,800 [Worker-13: Launching mavenrun-db8a7949-a100-4012-afce-147b814e4137] INFO  o.eclipse.m2e.core.internal.Bundles - 	Entry: C:\Users\User\.p2\pool\plugins\org.eclipse.m2e.maven.runtime_3.8.604.20221130-2149\jars\okhttp-3.14.1.jar
2023-06-27 11:43:08,802 [Worker-13: Launching mavenrun-db8a7949-a100-4012-afce-147b814e4137] INFO  o.eclipse.m2e.core.internal.Bundles - 	Entry: C:\Users\User\.p2\pool\plugins\org.eclipse.m2e.maven.runtime_3.8.604.20221130-2149\jars\okio-1.17.3.jar
2023-06-27 11:43:08,803 [Worker-13: Launching mavenrun-db8a7949-a100-4012-afce-147b814e4137] INFO  o.eclipse.m2e.core.internal.Bundles - 	Entry: C:\Users\User\.p2\pool\plugins\org.eclipse.m2e.maven.runtime_3.8.604.20221130-2149\jars\org.eclipse.sisu.inject-0.3.5.jar
2023-06-27 11:43:08,804 [Worker-13: Launching mavenrun-db8a7949-a100-4012-afce-147b814e4137] INFO  o.eclipse.m2e.core.internal.Bundles - 	Entry: C:\Users\User\.p2\pool\plugins\org.eclipse.m2e.maven.runtime_3.8.604.20221130-2149\jars\org.eclipse.sisu.plexus-0.3.5.jar
2023-06-27 11:43:08,805 [Worker-13: Launching mavenrun-db8a7949-a100-4012-afce-147b814e4137] INFO  o.eclipse.m2e.core.internal.Bundles - 	Entry: C:\Users\User\.p2\pool\plugins\org.eclipse.m2e.maven.runtime_3.8.604.20221130-2149\jars\plexus-build-api-0.0.7.jar
2023-06-27 11:43:08,806 [Worker-13: Launching mavenrun-db8a7949-a100-4012-afce-147b814e4137] INFO  o.eclipse.m2e.core.internal.Bundles - 	Entry: C:\Users\User\.p2\pool\plugins\org.eclipse.m2e.maven.runtime_3.8.604.20221130-2149\jars\plexus-cipher-2.0.jar
2023-06-27 11:43:08,807 [Worker-13: Launching mavenrun-db8a7949-a100-4012-afce-147b814e4137] INFO  o.eclipse.m2e.core.internal.Bundles - 	Entry: C:\Users\User\.p2\pool\plugins\org.eclipse.m2e.maven.runtime_3.8.604.20221130-2149\jars\plexus-classworlds-2.6.0.jar
2023-06-27 11:43:08,808 [Worker-13: Launching mavenrun-db8a7949-a100-4012-afce-147b814e4137] INFO  o.eclipse.m2e.core.internal.Bundles - 	Entry: C:\Users\User\.p2\pool\plugins\org.eclipse.m2e.maven.runtime_3.8.604.20221130-2149\jars\plexus-component-annotations-2.1.0.jar
2023-06-27 11:43:08,809 [Worker-13: Launching mavenrun-db8a7949-a100-4012-afce-147b814e4137] INFO  o.eclipse.m2e.core.internal.Bundles - 	Entry: C:\Users\User\.p2\pool\plugins\org.eclipse.m2e.maven.runtime_3.8.604.20221130-2149\jars\plexus-interpolation-1.26.jar
2023-06-27 11:43:08,809 [Worker-13: Launching mavenrun-db8a7949-a100-4012-afce-147b814e4137] INFO  o.eclipse.m2e.core.internal.Bundles - 	Entry: C:\Users\User\.p2\pool\plugins\org.eclipse.m2e.maven.runtime_3.8.604.20221130-2149\jars\plexus-sec-dispatcher-2.0.jar
2023-06-27 11:43:08,812 [Worker-13: Launching mavenrun-db8a7949-a100-4012-afce-147b814e4137] INFO  o.eclipse.m2e.core.internal.Bundles - 	Entry: C:\Users\User\.p2\pool\plugins\org.eclipse.m2e.maven.runtime_3.8.604.20221130-2149\jars\plexus-utils-3.3.1.jar
2023-06-27 11:43:08,813 [Worker-13: Launching mavenrun-db8a7949-a100-4012-afce-147b814e4137] INFO  o.eclipse.m2e.core.internal.Bundles - 	Entry: C:\Users\User\.p2\pool\plugins\org.eclipse.m2e.maven.runtime_3.8.604.20221130-2149\jars\wagon-file-3.5.1.jar
2023-06-27 11:43:08,814 [Worker-13: Launching mavenrun-db8a7949-a100-4012-afce-147b814e4137] INFO  o.eclipse.m2e.core.internal.Bundles - 	Entry: C:\Users\User\.p2\pool\plugins\org.eclipse.m2e.maven.runtime_3.8.604.20221130-2149\jars\wagon-provider-api-3.5.1.jar
2023-06-27 11:43:08,846 [Worker-13: Launching mavenrun-db8a7949-a100-4012-afce-147b814e4137] INFO  o.eclipse.m2e.core.internal.Bundles - getClasspathEntries(Bundle=com.google.guava_30.1.0.v20221112-0806 [8])
2023-06-27 11:43:08,880 [Worker-13: Launching mavenrun-db8a7949-a100-4012-afce-147b814e4137] INFO  o.eclipse.m2e.core.internal.Bundles - 	Entry: C:\Users\User\.p2\pool\plugins\com.google.guava_30.1.0.v20221112-0806.jar
2023-06-27 11:43:08,880 [Worker-13: Launching mavenrun-db8a7949-a100-4012-afce-147b814e4137] INFO  o.eclipse.m2e.core.internal.Bundles - getClasspathEntries(Bundle=slf4j.api_1.7.36 [433])
2023-06-27 11:43:08,893 [Worker-13: Launching mavenrun-db8a7949-a100-4012-afce-147b814e4137] INFO  o.eclipse.m2e.core.internal.Bundles - 	Entry: C:\Users\User\.p2\pool\plugins\slf4j.api_1.7.36.jar
2023-06-27 11:43:08,894 [Worker-13: Launching mavenrun-db8a7949-a100-4012-afce-147b814e4137] INFO  o.eclipse.m2e.core.internal.Bundles - getClasspathEntries(Bundle=javax.inject_1.0.0.v20220405-0441 [18])
2023-06-27 11:43:08,905 [Worker-13: Launching mavenrun-db8a7949-a100-4012-afce-147b814e4137] INFO  o.eclipse.m2e.core.internal.Bundles - 	Entry: C:\Users\User\.p2\pool\plugins\javax.inject_1.0.0.v20220405-0441.jar
2023-06-27 11:43:08,905 [Worker-13: Launching mavenrun-db8a7949-a100-4012-afce-147b814e4137] INFO  o.eclipse.m2e.core.internal.Bundles - getClasspathEntries(Bundle=javax.annotation_1.3.5.v20221112-0806 [16])
2023-06-27 11:43:08,915 [Worker-13: Launching mavenrun-db8a7949-a100-4012-afce-147b814e4137] INFO  o.eclipse.m2e.core.internal.Bundles - 	Entry: C:\Users\User\.p2\pool\plugins\javax.annotation_1.3.5.v20221112-0806.jar
2023-06-27 11:43:08,972 [Worker-13: Launching mavenrun-db8a7949-a100-4012-afce-147b814e4137] INFO  o.e.m.i.launch.MavenLaunchDelegate - Run build in "C:\Users\User\AppData\Local\Temp\m2e-archetypeGenerator9959923428321691756":
2023-06-27 11:43:09,000 [Worker-13: Launching mavenrun-db8a7949-a100-4012-afce-147b814e4137] INFO  o.e.m.i.launch.MavenLaunchDelegate -  mvn  -DarchetypeGroupId=org.apache.maven.archetypes -DarchetypeArtifactId=maven-archetype-quickstart -DarchetypeVersion=1.1 -DgroupId=com.LimeRoad -DartifactId=LimeRoadProject -Dversion=0.0.1-SNAPSHOT -Dpackage=com.LimeRoad.LimeRoadProject -DoutputDirectory=C:\Users\User\eclipse-workspace\cucumber -Dstyle.color=always -U archetype:generate
